2023/03/07 05:53:00 [notice] 1#1: using the "epoll" event method
2023/03/07 05:53:00 [notice] 1#1: nginx/1.23.3
2023/03/07 05:53:00 [notice] 1#1: built by gcc 12.2.1 20220924 (Alpine 12.2.1_git20220924-r4) 
2023/03/07 05:53:00 [notice] 1#1: OS: Linux 5.15.49-linuxkit
2023/03/07 05:53:00 [notice] 1#1: getrlimit(RLIMIT_NOFILE): 1048576:1048576
2023/03/07 05:53:00 [notice] 1#1: start worker processes
2023/03/07 05:53:00 [notice] 1#1: start worker process 30
2023/03/07 05:53:00 [notice] 1#1: start worker process 31
2023/03/07 05:53:00 [notice] 1#1: start worker process 32
2023/03/07 05:53:00 [notice] 1#1: start worker process 33
2023/03/07 05:53:28 [notice] 1#1: signal 3 (SIGQUIT) received, shutting down
2023/03/07 05:53:28 [notice] 33#33: gracefully shutting down
2023/03/07 05:53:28 [notice] 31#31: gracefully shutting down
2023/03/07 05:53:28 [notice] 30#30: gracefully shutting down
2023/03/07 05:53:28 [notice] 30#30: exiting
2023/03/07 05:53:28 [notice] 32#32: gracefully shutting down
2023/03/07 05:53:28 [notice] 33#33: exiting
2023/03/07 05:53:28 [notice] 31#31: exiting
2023/03/07 05:53:28 [notice] 30#30: exit
2023/03/07 05:53:28 [notice] 32#32: exiting
2023/03/07 05:53:28 [notice] 32#32: exit
2023/03/07 05:53:28 [notice] 33#33: exit
2023/03/07 05:53:28 [notice] 31#31: exit
2023/03/07 05:53:28 [notice] 1#1: signal 17 (SIGCHLD) received from 30
2023/03/07 05:53:28 [notice] 1#1: worker process 30 exited with code 0
2023/03/07 05:53:28 [notice] 1#1: signal 29 (SIGIO) received
2023/03/07 05:53:28 [notice] 1#1: signal 17 (SIGCHLD) received from 33
2023/03/07 05:53:28 [notice] 1#1: worker process 33 exited with code 0
2023/03/07 05:53:28 [notice] 1#1: signal 29 (SIGIO) received
2023/03/07 05:53:28 [notice] 1#1: signal 17 (SIGCHLD) received from 31
2023/03/07 05:53:28 [notice] 1#1: worker process 31 exited with code 0
2023/03/07 05:53:28 [notice] 1#1: signal 29 (SIGIO) received
2023/03/07 05:53:28 [notice] 1#1: signal 17 (SIGCHLD) received from 32
2023/03/07 05:53:28 [notice] 1#1: worker process 32 exited with code 0
2023/03/07 05:53:28 [notice] 1#1: exit
2023/03/07 05:53:28 [notice] 1#1: using the "epoll" event method
2023/03/07 05:53:28 [notice] 1#1: nginx/1.23.3
2023/03/07 05:53:28 [notice] 1#1: built by gcc 12.2.1 20220924 (Alpine 12.2.1_git20220924-r4) 
2023/03/07 05:53:28 [notice] 1#1: OS: Linux 5.15.49-linuxkit
2023/03/07 05:53:28 [notice] 1#1: getrlimit(RLIMIT_NOFILE): 1048576:1048576
2023/03/07 05:53:28 [notice] 1#1: start worker processes
2023/03/07 05:53:28 [notice] 1#1: start worker process 30
2023/03/07 05:53:28 [notice] 1#1: start worker process 31
2023/03/07 05:53:28 [notice] 1#1: start worker process 32
2023/03/07 05:53:28 [notice] 1#1: start worker process 33
2023/03/07 05:54:10 [notice] 1#1: signal 3 (SIGQUIT) received, shutting down
2023/03/07 05:54:10 [notice] 30#30: gracefully shutting down
2023/03/07 05:54:10 [notice] 32#32: gracefully shutting down
2023/03/07 05:54:10 [notice] 32#32: exiting
2023/03/07 05:54:10 [notice] 31#31: gracefully shutting down
2023/03/07 05:54:10 [notice] 33#33: gracefully shutting down
2023/03/07 05:54:10 [notice] 30#30: exiting
2023/03/07 05:54:10 [notice] 32#32: exit
2023/03/07 05:54:10 [notice] 31#31: exiting
2023/03/07 05:54:10 [notice] 33#33: exiting
2023/03/07 05:54:10 [notice] 30#30: exit
2023/03/07 05:54:10 [notice] 31#31: exit
2023/03/07 05:54:10 [notice] 33#33: exit
2023/03/07 05:54:10 [notice] 1#1: signal 17 (SIGCHLD) received from 32
2023/03/07 05:54:10 [notice] 1#1: worker process 32 exited with code 0
2023/03/07 05:54:10 [notice] 1#1: signal 29 (SIGIO) received
2023/03/07 05:54:10 [notice] 1#1: signal 17 (SIGCHLD) received from 30
2023/03/07 05:54:10 [notice] 1#1: worker process 30 exited with code 0
2023/03/07 05:54:10 [notice] 1#1: signal 29 (SIGIO) received
2023/03/07 05:54:10 [notice] 1#1: signal 17 (SIGCHLD) received from 33
2023/03/07 05:54:10 [notice] 1#1: worker process 31 exited with code 0
2023/03/07 05:54:10 [notice] 1#1: worker process 33 exited with code 0
2023/03/07 05:54:10 [notice] 1#1: exit
2023/03/07 05:54:10 [notice] 1#1: using the "epoll" event method
2023/03/07 05:54:10 [notice] 1#1: nginx/1.23.3
2023/03/07 05:54:10 [notice] 1#1: built by gcc 12.2.1 20220924 (Alpine 12.2.1_git20220924-r4) 
2023/03/07 05:54:10 [notice] 1#1: OS: Linux 5.15.49-linuxkit
2023/03/07 05:54:10 [notice] 1#1: getrlimit(RLIMIT_NOFILE): 1048576:1048576
2023/03/07 05:54:10 [notice] 1#1: start worker processes
2023/03/07 05:54:10 [notice] 1#1: start worker process 22
2023/03/07 05:54:10 [notice] 1#1: start worker process 23
2023/03/07 05:54:10 [notice] 1#1: start worker process 24
2023/03/07 05:54:10 [notice] 1#1: start worker process 25
2023/03/07 05:54:24 [notice] 1#1: signal 3 (SIGQUIT) received, shutting down
2023/03/07 05:54:24 [notice] 24#24: gracefully shutting down
2023/03/07 05:54:24 [notice] 22#22: gracefully shutting down
2023/03/07 05:54:24 [notice] 23#23: gracefully shutting down
2023/03/07 05:54:24 [notice] 25#25: gracefully shutting down
2023/03/07 05:54:24 [notice] 25#25: exiting
2023/03/07 05:54:24 [notice] 24#24: exiting
2023/03/07 05:54:24 [notice] 22#22: exiting
2023/03/07 05:54:24 [notice] 23#23: exiting
2023/03/07 05:54:24 [notice] 25#25: exit
2023/03/07 05:54:24 [notice] 24#24: exit
2023/03/07 05:54:24 [notice] 22#22: exit
2023/03/07 05:54:24 [notice] 23#23: exit
2023/03/07 05:54:24 [notice] 1#1: signal 17 (SIGCHLD) received from 22
2023/03/07 05:54:24 [notice] 1#1: worker process 22 exited with code 0
2023/03/07 05:54:24 [notice] 1#1: worker process 25 exited with code 0
2023/03/07 05:54:24 [notice] 1#1: signal 29 (SIGIO) received
2023/03/07 05:54:24 [notice] 1#1: signal 17 (SIGCHLD) received from 25
2023/03/07 05:54:24 [notice] 1#1: signal 17 (SIGCHLD) received from 23
2023/03/07 05:54:24 [notice] 1#1: worker process 23 exited with code 0
2023/03/07 05:54:24 [notice] 1#1: worker process 24 exited with code 0
2023/03/07 05:54:24 [notice] 1#1: exit
2023/03/07 05:54:24 [notice] 1#1: using the "epoll" event method
2023/03/07 05:54:24 [notice] 1#1: nginx/1.23.3
2023/03/07 05:54:24 [notice] 1#1: built by gcc 12.2.1 20220924 (Alpine 12.2.1_git20220924-r4) 
2023/03/07 05:54:24 [notice] 1#1: OS: Linux 5.15.49-linuxkit
2023/03/07 05:54:24 [notice] 1#1: getrlimit(RLIMIT_NOFILE): 1048576:1048576
2023/03/07 05:54:24 [notice] 1#1: start worker processes
2023/03/07 05:54:24 [notice] 1#1: start worker process 22
2023/03/07 05:54:24 [notice] 1#1: start worker process 23
2023/03/07 05:54:24 [notice] 1#1: start worker process 24
2023/03/07 05:54:24 [notice] 1#1: start worker process 25
2023/03/07 05:54:55 [notice] 1#1: signal 3 (SIGQUIT) received, shutting down
2023/03/07 05:54:55 [notice] 22#22: gracefully shutting down
2023/03/07 05:54:55 [notice] 22#22: exiting
2023/03/07 05:54:55 [notice] 23#23: gracefully shutting down
2023/03/07 05:54:55 [notice] 24#24: gracefully shutting down
2023/03/07 05:54:55 [notice] 25#25: gracefully shutting down
2023/03/07 05:54:55 [notice] 22#22: exit
2023/03/07 05:54:55 [notice] 23#23: exiting
2023/03/07 05:54:55 [notice] 23#23: exit
2023/03/07 05:54:55 [notice] 24#24: exiting
2023/03/07 05:54:55 [notice] 25#25: exiting
2023/03/07 05:54:55 [notice] 24#24: exit
2023/03/07 05:54:55 [notice] 25#25: exit
2023/03/07 05:54:55 [notice] 1#1: signal 17 (SIGCHLD) received from 22
2023/03/07 05:54:55 [notice] 1#1: worker process 22 exited with code 0
2023/03/07 05:54:55 [notice] 1#1: signal 29 (SIGIO) received
2023/03/07 05:54:55 [notice] 1#1: signal 17 (SIGCHLD) received from 24
2023/03/07 05:54:55 [notice] 1#1: worker process 24 exited with code 0
2023/03/07 05:54:55 [notice] 1#1: signal 29 (SIGIO) received
2023/03/07 05:54:55 [notice] 1#1: signal 17 (SIGCHLD) received from 23
2023/03/07 05:54:55 [notice] 1#1: worker process 23 exited with code 0
2023/03/07 05:54:55 [notice] 1#1: signal 29 (SIGIO) received
2023/03/07 05:54:55 [notice] 1#1: signal 17 (SIGCHLD) received from 25
2023/03/07 05:54:55 [notice] 1#1: worker process 25 exited with code 0
2023/03/07 05:54:55 [notice] 1#1: exit
2023/03/07 05:55:01 [notice] 1#1: using the "epoll" event method
2023/03/07 05:55:01 [notice] 1#1: nginx/1.23.3
2023/03/07 05:55:01 [notice] 1#1: built by gcc 12.2.1 20220924 (Alpine 12.2.1_git20220924-r4) 
2023/03/07 05:55:01 [notice] 1#1: OS: Linux 5.15.49-linuxkit
2023/03/07 05:55:01 [notice] 1#1: getrlimit(RLIMIT_NOFILE): 1048576:1048576
2023/03/07 05:55:01 [notice] 1#1: start worker processes
2023/03/07 05:55:01 [notice] 1#1: start worker process 30
2023/03/07 05:55:01 [notice] 1#1: start worker process 31
2023/03/07 05:55:01 [notice] 1#1: start worker process 32
2023/03/07 05:55:01 [notice] 1#1: start worker process 33
2023/03/07 05:57:18 [notice] 1#1: signal 3 (SIGQUIT) received, shutting down
2023/03/07 05:57:18 [notice] 30#30: gracefully shutting down
2023/03/07 05:57:18 [notice] 30#30: exiting
2023/03/07 05:57:18 [notice] 31#31: gracefully shutting down
2023/03/07 05:57:18 [notice] 32#32: gracefully shutting down
2023/03/07 05:57:18 [notice] 33#33: gracefully shutting down
2023/03/07 05:57:18 [notice] 30#30: exit
2023/03/07 05:57:18 [notice] 31#31: exiting
2023/03/07 05:57:18 [notice] 32#32: exiting
2023/03/07 05:57:18 [notice] 33#33: exiting
2023/03/07 05:57:18 [notice] 31#31: exit
2023/03/07 05:57:18 [notice] 32#32: exit
2023/03/07 05:57:18 [notice] 33#33: exit
2023/03/07 05:57:18 [notice] 1#1: signal 17 (SIGCHLD) received from 30
2023/03/07 05:57:18 [notice] 1#1: worker process 30 exited with code 0
2023/03/07 05:57:18 [notice] 1#1: signal 29 (SIGIO) received
2023/03/07 05:57:18 [notice] 1#1: signal 17 (SIGCHLD) received from 31
2023/03/07 05:57:18 [notice] 1#1: worker process 31 exited with code 0
2023/03/07 05:57:18 [notice] 1#1: signal 29 (SIGIO) received
2023/03/07 05:57:18 [notice] 1#1: signal 17 (SIGCHLD) received from 32
2023/03/07 05:57:18 [notice] 1#1: worker process 32 exited with code 0
2023/03/07 05:57:18 [notice] 1#1: worker process 33 exited with code 0
2023/03/07 05:57:18 [notice] 1#1: exit
2023/03/07 05:57:23 [notice] 1#1: using the "epoll" event method
2023/03/07 05:57:23 [notice] 1#1: nginx/1.23.3
2023/03/07 05:57:23 [notice] 1#1: built by gcc 12.2.1 20220924 (Alpine 12.2.1_git20220924-r4) 
2023/03/07 05:57:23 [notice] 1#1: OS: Linux 5.15.49-linuxkit
2023/03/07 05:57:23 [notice] 1#1: getrlimit(RLIMIT_NOFILE): 1048576:1048576
2023/03/07 05:57:23 [notice] 1#1: start worker processes
2023/03/07 05:57:23 [notice] 1#1: start worker process 30
2023/03/07 05:57:23 [notice] 1#1: start worker process 31
2023/03/07 05:57:23 [notice] 1#1: start worker process 32
2023/03/07 05:57:23 [notice] 1#1: start worker process 33
2023/03/07 07:21:28 [notice] 1#1: signal 3 (SIGQUIT) received, shutting down
2023/03/07 07:21:28 [notice] 31#31: gracefully shutting down
2023/03/07 07:21:28 [notice] 30#30: gracefully shutting down
2023/03/07 07:21:28 [notice] 32#32: gracefully shutting down
2023/03/07 07:21:28 [notice] 32#32: exiting
2023/03/07 07:21:28 [notice] 33#33: gracefully shutting down
2023/03/07 07:21:28 [notice] 31#31: exiting
2023/03/07 07:21:28 [notice] 31#31: exit
2023/03/07 07:21:28 [notice] 30#30: exiting
2023/03/07 07:21:28 [notice] 32#32: exit
2023/03/07 07:21:28 [notice] 33#33: exiting
2023/03/07 07:21:28 [notice] 30#30: exit
2023/03/07 07:21:28 [notice] 33#33: exit
2023/03/07 07:21:28 [notice] 1#1: signal 17 (SIGCHLD) received from 32
2023/03/07 07:21:28 [notice] 1#1: worker process 32 exited with code 0
2023/03/07 07:21:28 [notice] 1#1: signal 29 (SIGIO) received
2023/03/07 07:21:28 [notice] 1#1: signal 17 (SIGCHLD) received from 30
2023/03/07 07:21:28 [notice] 1#1: worker process 30 exited with code 0
2023/03/07 07:21:28 [notice] 1#1: signal 29 (SIGIO) received
2023/03/07 07:21:28 [notice] 1#1: signal 17 (SIGCHLD) received from 31
2023/03/07 07:21:28 [notice] 1#1: worker process 31 exited with code 0
2023/03/07 07:21:28 [notice] 1#1: signal 17 (SIGCHLD) received from 33
2023/03/07 07:21:28 [notice] 1#1: worker process 33 exited with code 0
2023/03/07 07:21:28 [notice] 1#1: exit
2023/03/07 07:21:28 [notice] 1#1: using the "epoll" event method
2023/03/07 07:21:28 [notice] 1#1: nginx/1.23.3
2023/03/07 07:21:28 [notice] 1#1: built by gcc 12.2.1 20220924 (Alpine 12.2.1_git20220924-r4) 
2023/03/07 07:21:28 [notice] 1#1: OS: Linux 5.15.49-linuxkit
2023/03/07 07:21:28 [notice] 1#1: getrlimit(RLIMIT_NOFILE): 1048576:1048576
2023/03/07 07:21:28 [notice] 1#1: start worker processes
2023/03/07 07:21:28 [notice] 1#1: start worker process 22
2023/03/07 07:21:28 [notice] 1#1: start worker process 23
2023/03/07 07:21:28 [notice] 1#1: start worker process 24
2023/03/07 07:21:28 [notice] 1#1: start worker process 25
2023/03/07 07:21:53 [notice] 1#1: signal 3 (SIGQUIT) received, shutting down
2023/03/07 07:21:53 [notice] 22#22: gracefully shutting down
2023/03/07 07:21:53 [notice] 24#24: gracefully shutting down
2023/03/07 07:21:53 [notice] 25#25: gracefully shutting down
2023/03/07 07:21:53 [notice] 25#25: exiting
2023/03/07 07:21:53 [notice] 23#23: gracefully shutting down
2023/03/07 07:21:53 [notice] 22#22: exiting
2023/03/07 07:21:53 [notice] 24#24: exiting
2023/03/07 07:21:53 [notice] 25#25: exit
2023/03/07 07:21:53 [notice] 23#23: exiting
2023/03/07 07:21:53 [notice] 22#22: exit
2023/03/07 07:21:53 [notice] 24#24: exit
2023/03/07 07:21:53 [notice] 23#23: exit
2023/03/07 07:21:53 [notice] 1#1: signal 17 (SIGCHLD) received from 25
2023/03/07 07:21:53 [notice] 1#1: worker process 25 exited with code 0
2023/03/07 07:21:53 [notice] 1#1: signal 29 (SIGIO) received
2023/03/07 07:21:53 [notice] 1#1: signal 17 (SIGCHLD) received from 22
2023/03/07 07:21:53 [notice] 1#1: worker process 22 exited with code 0
2023/03/07 07:21:53 [notice] 1#1: signal 29 (SIGIO) received
2023/03/07 07:21:53 [notice] 1#1: signal 17 (SIGCHLD) received from 23
2023/03/07 07:21:53 [notice] 1#1: worker process 23 exited with code 0
2023/03/07 07:21:53 [notice] 1#1: worker process 24 exited with code 0
2023/03/07 07:21:53 [notice] 1#1: exit
2023/03/07 07:21:55 [notice] 1#1: using the "epoll" event method
2023/03/07 07:21:55 [notice] 1#1: nginx/1.23.3
2023/03/07 07:21:55 [notice] 1#1: built by gcc 12.2.1 20220924 (Alpine 12.2.1_git20220924-r4) 
2023/03/07 07:21:55 [notice] 1#1: OS: Linux 5.15.49-linuxkit
2023/03/07 07:21:55 [notice] 1#1: getrlimit(RLIMIT_NOFILE): 1048576:1048576
2023/03/07 07:21:55 [notice] 1#1: start worker processes
2023/03/07 07:21:55 [notice] 1#1: start worker process 30
2023/03/07 07:21:55 [notice] 1#1: start worker process 31
2023/03/07 07:21:55 [notice] 1#1: start worker process 32
2023/03/07 07:21:55 [notice] 1#1: start worker process 33
2023/03/07 07:22:00 [notice] 1#1: signal 3 (SIGQUIT) received, shutting down
2023/03/07 07:22:00 [notice] 33#33: gracefully shutting down
2023/03/07 07:22:00 [notice] 30#30: gracefully shutting down
2023/03/07 07:22:00 [notice] 30#30: exiting
2023/03/07 07:22:00 [notice] 31#31: gracefully shutting down
2023/03/07 07:22:00 [notice] 32#32: gracefully shutting down
2023/03/07 07:22:00 [notice] 33#33: exiting
2023/03/07 07:22:00 [notice] 30#30: exit
2023/03/07 07:22:00 [notice] 31#31: exiting
2023/03/07 07:22:00 [notice] 32#32: exiting
2023/03/07 07:22:00 [notice] 33#33: exit
2023/03/07 07:22:00 [notice] 31#31: exit
2023/03/07 07:22:00 [notice] 32#32: exit
2023/03/07 07:22:00 [notice] 1#1: signal 17 (SIGCHLD) received from 30
2023/03/07 07:22:00 [notice] 1#1: worker process 30 exited with code 0
2023/03/07 07:22:00 [notice] 1#1: worker process 33 exited with code 0
2023/03/07 07:22:00 [notice] 1#1: signal 29 (SIGIO) received
2023/03/07 07:22:00 [notice] 1#1: signal 17 (SIGCHLD) received from 32
2023/03/07 07:22:00 [notice] 1#1: worker process 31 exited with code 0
2023/03/07 07:22:00 [notice] 1#1: worker process 32 exited with code 0
2023/03/07 07:22:00 [notice] 1#1: exit
2023/03/07 07:22:01 [notice] 1#1: using the "epoll" event method
2023/03/07 07:22:01 [notice] 1#1: nginx/1.23.3
2023/03/07 07:22:01 [notice] 1#1: built by gcc 12.2.1 20220924 (Alpine 12.2.1_git20220924-r4) 
2023/03/07 07:22:01 [notice] 1#1: OS: Linux 5.15.49-linuxkit
2023/03/07 07:22:01 [notice] 1#1: getrlimit(RLIMIT_NOFILE): 1048576:1048576
2023/03/07 07:22:01 [notice] 1#1: start worker processes
2023/03/07 07:22:01 [notice] 1#1: start worker process 22
2023/03/07 07:22:01 [notice] 1#1: start worker process 23
2023/03/07 07:22:01 [notice] 1#1: start worker process 24
2023/03/07 07:22:01 [notice] 1#1: start worker process 25
2023/03/07 07:22:48 [notice] 1#1: signal 3 (SIGQUIT) received, shutting down
2023/03/07 07:22:48 [notice] 25#25: gracefully shutting down
2023/03/07 07:22:48 [notice] 24#24: gracefully shutting down
2023/03/07 07:22:48 [notice] 23#23: gracefully shutting down
2023/03/07 07:22:48 [notice] 23#23: exiting
2023/03/07 07:22:48 [notice] 22#22: gracefully shutting down
2023/03/07 07:22:48 [notice] 25#25: exiting
2023/03/07 07:22:48 [notice] 25#25: exit
2023/03/07 07:22:48 [notice] 24#24: exiting
2023/03/07 07:22:48 [notice] 23#23: exit
2023/03/07 07:22:48 [notice] 22#22: exiting
2023/03/07 07:22:48 [notice] 24#24: exit
2023/03/07 07:22:48 [notice] 22#22: exit
2023/03/07 07:22:48 [notice] 1#1: signal 17 (SIGCHLD) received from 25
2023/03/07 07:22:48 [notice] 1#1: worker process 25 exited with code 0
2023/03/07 07:22:48 [notice] 1#1: signal 29 (SIGIO) received
2023/03/07 07:22:48 [notice] 1#1: signal 17 (SIGCHLD) received from 23
2023/03/07 07:22:48 [notice] 1#1: worker process 23 exited with code 0
2023/03/07 07:22:48 [notice] 1#1: signal 29 (SIGIO) received
2023/03/07 07:22:48 [notice] 1#1: signal 17 (SIGCHLD) received from 22
2023/03/07 07:22:48 [notice] 1#1: worker process 22 exited with code 0
2023/03/07 07:22:48 [notice] 1#1: worker process 24 exited with code 0
2023/03/07 07:22:48 [notice] 1#1: exit
2023/03/07 07:26:02 [notice] 1#1: using the "epoll" event method
2023/03/07 07:26:02 [notice] 1#1: nginx/1.23.3
2023/03/07 07:26:02 [notice] 1#1: built by gcc 12.2.1 20220924 (Alpine 12.2.1_git20220924-r4) 
2023/03/07 07:26:02 [notice] 1#1: OS: Linux 5.15.49-linuxkit
2023/03/07 07:26:02 [notice] 1#1: getrlimit(RLIMIT_NOFILE): 1048576:1048576
2023/03/07 07:26:02 [notice] 1#1: start worker processes
2023/03/07 07:26:02 [notice] 1#1: start worker process 30
2023/03/07 07:26:02 [notice] 1#1: start worker process 31
2023/03/07 07:26:02 [notice] 1#1: start worker process 32
2023/03/07 07:26:02 [notice] 1#1: start worker process 33
2023/03/07 07:28:32 [notice] 1#1: signal 3 (SIGQUIT) received, shutting down
2023/03/07 07:28:32 [notice] 31#31: gracefully shutting down
2023/03/07 07:28:32 [notice] 33#33: gracefully shutting down
2023/03/07 07:28:32 [notice] 33#33: exiting
2023/03/07 07:28:32 [notice] 30#30: gracefully shutting down
2023/03/07 07:28:32 [notice] 32#32: gracefully shutting down
2023/03/07 07:28:32 [notice] 31#31: exiting
2023/03/07 07:28:32 [notice] 33#33: exit
2023/03/07 07:28:32 [notice] 30#30: exiting
2023/03/07 07:28:32 [notice] 30#30: exit
2023/03/07 07:28:32 [notice] 32#32: exiting
2023/03/07 07:28:32 [notice] 31#31: exit
2023/03/07 07:28:32 [notice] 32#32: exit
2023/03/07 07:28:32 [notice] 1#1: signal 17 (SIGCHLD) received from 33
2023/03/07 07:28:32 [notice] 1#1: worker process 33 exited with code 0
2023/03/07 07:28:32 [notice] 1#1: signal 29 (SIGIO) received
2023/03/07 07:28:32 [notice] 1#1: signal 17 (SIGCHLD) received from 30
2023/03/07 07:28:32 [notice] 1#1: worker process 30 exited with code 0
2023/03/07 07:28:32 [notice] 1#1: signal 29 (SIGIO) received
2023/03/07 07:28:32 [notice] 1#1: signal 17 (SIGCHLD) received from 31
2023/03/07 07:28:32 [notice] 1#1: worker process 31 exited with code 0
2023/03/07 07:28:32 [notice] 1#1: signal 29 (SIGIO) received
2023/03/07 07:28:32 [notice] 1#1: signal 17 (SIGCHLD) received from 32
2023/03/07 07:28:32 [notice] 1#1: worker process 32 exited with code 0
2023/03/07 07:28:32 [notice] 1#1: exit
2023/03/07 07:28:35 [notice] 1#1: using the "epoll" event method
2023/03/07 07:28:35 [notice] 1#1: nginx/1.23.3
2023/03/07 07:28:35 [notice] 1#1: built by gcc 12.2.1 20220924 (Alpine 12.2.1_git20220924-r4) 
2023/03/07 07:28:35 [notice] 1#1: OS: Linux 5.15.49-linuxkit
2023/03/07 07:28:35 [notice] 1#1: getrlimit(RLIMIT_NOFILE): 1048576:1048576
2023/03/07 07:28:35 [notice] 1#1: start worker processes
2023/03/07 07:28:35 [notice] 1#1: start worker process 30
2023/03/07 07:28:35 [notice] 1#1: start worker process 31
2023/03/07 07:28:35 [notice] 1#1: start worker process 32
2023/03/07 07:28:35 [notice] 1#1: start worker process 33
2023/03/07 07:29:50 [notice] 1#1: signal 3 (SIGQUIT) received, shutting down
2023/03/07 07:29:50 [notice] 31#31: gracefully shutting down
2023/03/07 07:29:50 [notice] 30#30: gracefully shutting down
2023/03/07 07:29:50 [notice] 33#33: gracefully shutting down
2023/03/07 07:29:50 [notice] 33#33: exiting
2023/03/07 07:29:50 [notice] 32#32: gracefully shutting down
2023/03/07 07:29:50 [notice] 31#31: exiting
2023/03/07 07:29:50 [notice] 30#30: exiting
2023/03/07 07:29:50 [notice] 33#33: exit
2023/03/07 07:29:50 [notice] 32#32: exiting
2023/03/07 07:29:50 [notice] 31#31: exit
2023/03/07 07:29:50 [notice] 30#30: exit
2023/03/07 07:29:50 [notice] 32#32: exit
2023/03/07 07:29:50 [notice] 1#1: signal 17 (SIGCHLD) received from 33
2023/03/07 07:29:50 [notice] 1#1: worker process 33 exited with code 0
2023/03/07 07:29:50 [notice] 1#1: signal 29 (SIGIO) received
2023/03/07 07:29:50 [notice] 1#1: signal 17 (SIGCHLD) received from 31
2023/03/07 07:29:50 [notice] 1#1: worker process 31 exited with code 0
2023/03/07 07:29:50 [notice] 1#1: worker process 32 exited with code 0
2023/03/07 07:29:50 [notice] 1#1: signal 29 (SIGIO) received
2023/03/07 07:29:50 [notice] 1#1: signal 17 (SIGCHLD) received from 32
2023/03/07 07:29:50 [notice] 1#1: signal 17 (SIGCHLD) received from 30
2023/03/07 07:29:50 [notice] 1#1: worker process 30 exited with code 0
2023/03/07 07:29:50 [notice] 1#1: exit
2023/03/07 07:29:51 [notice] 1#1: using the "epoll" event method
2023/03/07 07:29:51 [notice] 1#1: nginx/1.23.3
2023/03/07 07:29:51 [notice] 1#1: built by gcc 12.2.1 20220924 (Alpine 12.2.1_git20220924-r4) 
2023/03/07 07:29:51 [notice] 1#1: OS: Linux 5.15.49-linuxkit
2023/03/07 07:29:51 [notice] 1#1: getrlimit(RLIMIT_NOFILE): 1048576:1048576
2023/03/07 07:29:51 [notice] 1#1: start worker processes
2023/03/07 07:29:51 [notice] 1#1: start worker process 22
2023/03/07 07:29:51 [notice] 1#1: start worker process 23
2023/03/07 07:29:51 [notice] 1#1: start worker process 24
2023/03/07 07:29:51 [notice] 1#1: start worker process 25
2023/03/07 07:30:15 [notice] 1#1: signal 3 (SIGQUIT) received, shutting down
2023/03/07 07:30:15 [notice] 22#22: gracefully shutting down
2023/03/07 07:30:15 [notice] 24#24: gracefully shutting down
2023/03/07 07:30:15 [notice] 25#25: gracefully shutting down
2023/03/07 07:30:15 [notice] 23#23: gracefully shutting down
2023/03/07 07:30:15 [notice] 23#23: exiting
2023/03/07 07:30:15 [notice] 22#22: exiting
2023/03/07 07:30:15 [notice] 24#24: exiting
2023/03/07 07:30:15 [notice] 25#25: exiting
2023/03/07 07:30:15 [notice] 23#23: exit
2023/03/07 07:30:15 [notice] 22#22: exit
2023/03/07 07:30:15 [notice] 24#24: exit
2023/03/07 07:30:15 [notice] 25#25: exit
2023/03/07 07:30:15 [notice] 1#1: signal 17 (SIGCHLD) received from 23
2023/03/07 07:30:15 [notice] 1#1: worker process 23 exited with code 0
2023/03/07 07:30:15 [notice] 1#1: signal 29 (SIGIO) received
2023/03/07 07:30:15 [notice] 1#1: signal 17 (SIGCHLD) received from 24
2023/03/07 07:30:15 [notice] 1#1: worker process 22 exited with code 0
2023/03/07 07:30:15 [notice] 1#1: worker process 24 exited with code 0
2023/03/07 07:30:15 [notice] 1#1: signal 29 (SIGIO) received
2023/03/07 07:30:15 [notice] 1#1: signal 17 (SIGCHLD) received from 25
2023/03/07 07:30:15 [notice] 1#1: worker process 25 exited with code 0
2023/03/07 07:30:15 [notice] 1#1: exit
2023/03/07 07:30:15 [notice] 1#1: using the "epoll" event method
2023/03/07 07:30:15 [notice] 1#1: nginx/1.23.3
2023/03/07 07:30:15 [notice] 1#1: built by gcc 12.2.1 20220924 (Alpine 12.2.1_git20220924-r4) 
2023/03/07 07:30:15 [notice] 1#1: OS: Linux 5.15.49-linuxkit
2023/03/07 07:30:15 [notice] 1#1: getrlimit(RLIMIT_NOFILE): 1048576:1048576
2023/03/07 07:30:15 [notice] 1#1: start worker processes
2023/03/07 07:30:15 [notice] 1#1: start worker process 22
2023/03/07 07:30:15 [notice] 1#1: start worker process 23
2023/03/07 07:30:15 [notice] 1#1: start worker process 24
2023/03/07 07:30:15 [notice] 1#1: start worker process 25
2023/03/07 07:30:43 [notice] 1#1: signal 3 (SIGQUIT) received, shutting down
2023/03/07 07:30:43 [notice] 22#22: gracefully shutting down
2023/03/07 07:30:43 [notice] 23#23: gracefully shutting down
2023/03/07 07:30:43 [notice] 24#24: gracefully shutting down
2023/03/07 07:30:43 [notice] 25#25: gracefully shutting down
2023/03/07 07:30:43 [notice] 22#22: exiting
2023/03/07 07:30:43 [notice] 23#23: exiting
2023/03/07 07:30:43 [notice] 24#24: exiting
2023/03/07 07:30:43 [notice] 25#25: exiting
2023/03/07 07:30:43 [notice] 25#25: exit
2023/03/07 07:30:43 [notice] 22#22: exit
2023/03/07 07:30:43 [notice] 23#23: exit
2023/03/07 07:30:43 [notice] 24#24: exit
2023/03/07 07:30:43 [notice] 1#1: signal 17 (SIGCHLD) received from 23
2023/03/07 07:30:43 [notice] 1#1: worker process 22 exited with code 0
2023/03/07 07:30:43 [notice] 1#1: worker process 23 exited with code 0
2023/03/07 07:30:43 [notice] 1#1: worker process 24 exited with code 0
2023/03/07 07:30:43 [notice] 1#1: worker process 25 exited with code 0
2023/03/07 07:30:43 [notice] 1#1: exit
2023/03/07 07:30:44 [notice] 1#1: using the "epoll" event method
2023/03/07 07:30:44 [notice] 1#1: nginx/1.23.3
2023/03/07 07:30:44 [notice] 1#1: built by gcc 12.2.1 20220924 (Alpine 12.2.1_git20220924-r4) 
2023/03/07 07:30:44 [notice] 1#1: OS: Linux 5.15.49-linuxkit
2023/03/07 07:30:44 [notice] 1#1: getrlimit(RLIMIT_NOFILE): 1048576:1048576
2023/03/07 07:30:44 [notice] 1#1: start worker processes
2023/03/07 07:30:44 [notice] 1#1: start worker process 30
2023/03/07 07:30:44 [notice] 1#1: start worker process 31
2023/03/07 07:30:44 [notice] 1#1: start worker process 32
2023/03/07 07:30:44 [notice] 1#1: start worker process 33
2023/03/07 07:31:23 [notice] 1#1: signal 3 (SIGQUIT) received, shutting down
2023/03/07 07:31:23 [notice] 31#31: gracefully shutting down
2023/03/07 07:31:23 [notice] 30#30: gracefully shutting down
2023/03/07 07:31:23 [notice] 32#32: gracefully shutting down
2023/03/07 07:31:23 [notice] 33#33: gracefully shutting down
2023/03/07 07:31:23 [notice] 31#31: exiting
2023/03/07 07:31:23 [notice] 30#30: exiting
2023/03/07 07:31:23 [notice] 32#32: exiting
2023/03/07 07:31:23 [notice] 33#33: exiting
2023/03/07 07:31:23 [notice] 31#31: exit
2023/03/07 07:31:23 [notice] 30#30: exit
2023/03/07 07:31:23 [notice] 32#32: exit
2023/03/07 07:31:23 [notice] 33#33: exit
2023/03/07 07:31:23 [notice] 1#1: signal 17 (SIGCHLD) received from 30
2023/03/07 07:31:23 [notice] 1#1: worker process 30 exited with code 0
2023/03/07 07:31:23 [notice] 1#1: worker process 31 exited with code 0
2023/03/07 07:31:23 [notice] 1#1: worker process 32 exited with code 0
2023/03/07 07:31:23 [notice] 1#1: signal 29 (SIGIO) received
2023/03/07 07:31:23 [notice] 1#1: signal 17 (SIGCHLD) received from 33
2023/03/07 07:31:23 [notice] 1#1: worker process 33 exited with code 0
2023/03/07 07:31:23 [notice] 1#1: exit
2023/03/07 07:31:59 [notice] 1#1: using the "epoll" event method
2023/03/07 07:31:59 [notice] 1#1: nginx/1.23.3
2023/03/07 07:31:59 [notice] 1#1: built by gcc 12.2.1 20220924 (Alpine 12.2.1_git20220924-r4) 
2023/03/07 07:31:59 [notice] 1#1: OS: Linux 5.15.49-linuxkit
2023/03/07 07:31:59 [notice] 1#1: getrlimit(RLIMIT_NOFILE): 1048576:1048576
2023/03/07 07:31:59 [notice] 1#1: start worker processes
2023/03/07 07:31:59 [notice] 1#1: start worker process 30
2023/03/07 07:31:59 [notice] 1#1: start worker process 31
2023/03/07 07:31:59 [notice] 1#1: start worker process 32
2023/03/07 07:31:59 [notice] 1#1: start worker process 33
2023/03/07 08:53:06 [notice] 1#1: signal 3 (SIGQUIT) received, shutting down
2023/03/07 08:53:06 [notice] 30#30: gracefully shutting down
2023/03/07 08:53:06 [notice] 31#31: gracefully shutting down
2023/03/07 08:53:06 [notice] 33#33: gracefully shutting down
2023/03/07 08:53:06 [notice] 32#32: gracefully shutting down
2023/03/07 08:53:06 [notice] 32#32: exiting
2023/03/07 08:53:06 [notice] 30#30: exiting
2023/03/07 08:53:06 [notice] 32#32: exit
2023/03/07 08:53:06 [notice] 31#31: exiting
2023/03/07 08:53:06 [notice] 33#33: exiting
2023/03/07 08:53:06 [notice] 30#30: exit
2023/03/07 08:53:06 [notice] 31#31: exit
2023/03/07 08:53:06 [notice] 33#33: exit
2023/03/07 08:53:06 [notice] 1#1: signal 17 (SIGCHLD) received from 32
2023/03/07 08:53:06 [notice] 1#1: worker process 32 exited with code 0
2023/03/07 08:53:06 [notice] 1#1: signal 29 (SIGIO) received
2023/03/07 08:53:06 [notice] 1#1: signal 17 (SIGCHLD) received from 30
2023/03/07 08:53:06 [notice] 1#1: worker process 30 exited with code 0
2023/03/07 08:53:06 [notice] 1#1: signal 29 (SIGIO) received
2023/03/07 08:53:06 [notice] 1#1: signal 17 (SIGCHLD) received from 31
2023/03/07 08:53:06 [notice] 1#1: worker process 31 exited with code 0
2023/03/07 08:53:06 [notice] 1#1: signal 29 (SIGIO) received
2023/03/07 08:53:06 [notice] 1#1: signal 17 (SIGCHLD) received from 33
2023/03/07 08:53:06 [notice] 1#1: worker process 33 exited with code 0
2023/03/07 08:53:06 [notice] 1#1: exit
2023/03/07 08:53:06 [notice] 1#1: using the "epoll" event method
2023/03/07 08:53:06 [notice] 1#1: nginx/1.23.3
2023/03/07 08:53:06 [notice] 1#1: built by gcc 12.2.1 20220924 (Alpine 12.2.1_git20220924-r4) 
2023/03/07 08:53:06 [notice] 1#1: OS: Linux 5.15.49-linuxkit
2023/03/07 08:53:06 [notice] 1#1: getrlimit(RLIMIT_NOFILE): 1048576:1048576
2023/03/07 08:53:06 [notice] 1#1: start worker processes
2023/03/07 08:53:06 [notice] 1#1: start worker process 22
2023/03/07 08:53:06 [notice] 1#1: start worker process 23
2023/03/07 08:53:06 [notice] 1#1: start worker process 24
2023/03/07 08:53:06 [notice] 1#1: start worker process 25
2023/03/07 08:53:42 [notice] 1#1: signal 3 (SIGQUIT) received, shutting down
2023/03/07 08:53:42 [notice] 22#22: gracefully shutting down
2023/03/07 08:53:42 [notice] 23#23: gracefully shutting down
2023/03/07 08:53:42 [notice] 24#24: gracefully shutting down
2023/03/07 08:53:42 [notice] 24#24: exiting
2023/03/07 08:53:42 [notice] 25#25: gracefully shutting down
2023/03/07 08:53:42 [notice] 22#22: exiting
2023/03/07 08:53:42 [notice] 23#23: exiting
2023/03/07 08:53:42 [notice] 24#24: exit
2023/03/07 08:53:42 [notice] 25#25: exiting
2023/03/07 08:53:42 [notice] 22#22: exit
2023/03/07 08:53:42 [notice] 23#23: exit
2023/03/07 08:53:42 [notice] 25#25: exit
2023/03/07 08:53:42 [notice] 1#1: signal 17 (SIGCHLD) received from 24
2023/03/07 08:53:42 [notice] 1#1: worker process 24 exited with code 0
2023/03/07 08:53:42 [notice] 1#1: signal 29 (SIGIO) received
2023/03/07 08:53:42 [notice] 1#1: signal 17 (SIGCHLD) received from 22
2023/03/07 08:53:42 [notice] 1#1: worker process 22 exited with code 0
2023/03/07 08:53:42 [notice] 1#1: worker process 25 exited with code 0
2023/03/07 08:53:42 [notice] 1#1: signal 29 (SIGIO) received
2023/03/07 08:53:42 [notice] 1#1: signal 17 (SIGCHLD) received from 23
2023/03/07 08:53:42 [notice] 1#1: worker process 23 exited with code 0
2023/03/07 08:53:42 [notice] 1#1: exit
2023/03/07 08:53:42 [notice] 1#1: using the "epoll" event method
2023/03/07 08:53:42 [notice] 1#1: nginx/1.23.3
2023/03/07 08:53:42 [notice] 1#1: built by gcc 12.2.1 20220924 (Alpine 12.2.1_git20220924-r4) 
2023/03/07 08:53:42 [notice] 1#1: OS: Linux 5.15.49-linuxkit
2023/03/07 08:53:42 [notice] 1#1: getrlimit(RLIMIT_NOFILE): 1048576:1048576
2023/03/07 08:53:42 [notice] 1#1: start worker processes
2023/03/07 08:53:42 [notice] 1#1: start worker process 22
2023/03/07 08:53:42 [notice] 1#1: start worker process 23
2023/03/07 08:53:42 [notice] 1#1: start worker process 24
2023/03/07 08:53:42 [notice] 1#1: start worker process 25
2023/03/07 08:53:47 [notice] 1#1: signal 3 (SIGQUIT) received, shutting down
2023/03/07 08:53:47 [notice] 23#23: gracefully shutting down
2023/03/07 08:53:47 [notice] 23#23: exiting
2023/03/07 08:53:47 [notice] 22#22: gracefully shutting down
2023/03/07 08:53:47 [notice] 25#25: gracefully shutting down
2023/03/07 08:53:47 [notice] 24#24: gracefully shutting down
2023/03/07 08:53:47 [notice] 23#23: exit
2023/03/07 08:53:47 [notice] 22#22: exiting
2023/03/07 08:53:47 [notice] 22#22: exit
2023/03/07 08:53:47 [notice] 25#25: exiting
2023/03/07 08:53:47 [notice] 24#24: exiting
2023/03/07 08:53:47 [notice] 25#25: exit
2023/03/07 08:53:47 [notice] 24#24: exit
2023/03/07 08:53:47 [notice] 1#1: signal 17 (SIGCHLD) received from 22
2023/03/07 08:53:47 [notice] 1#1: worker process 22 exited with code 0
2023/03/07 08:53:47 [notice] 1#1: signal 29 (SIGIO) received
2023/03/07 08:53:47 [notice] 1#1: signal 17 (SIGCHLD) received from 23
2023/03/07 08:53:47 [notice] 1#1: worker process 23 exited with code 0
2023/03/07 08:53:47 [notice] 1#1: signal 29 (SIGIO) received
2023/03/07 08:53:47 [notice] 1#1: signal 17 (SIGCHLD) received from 25
2023/03/07 08:53:47 [notice] 1#1: worker process 24 exited with code 0
2023/03/07 08:53:47 [notice] 1#1: worker process 25 exited with code 0
2023/03/07 08:53:47 [notice] 1#1: exit
2023/03/07 08:53:47 [notice] 1#1: using the "epoll" event method
2023/03/07 08:53:47 [notice] 1#1: nginx/1.23.3
2023/03/07 08:53:47 [notice] 1#1: built by gcc 12.2.1 20220924 (Alpine 12.2.1_git20220924-r4) 
2023/03/07 08:53:47 [notice] 1#1: OS: Linux 5.15.49-linuxkit
2023/03/07 08:53:47 [notice] 1#1: getrlimit(RLIMIT_NOFILE): 1048576:1048576
2023/03/07 08:53:47 [notice] 1#1: start worker processes
2023/03/07 08:53:47 [notice] 1#1: start worker process 20
2023/03/07 08:53:47 [notice] 1#1: start worker process 21
2023/03/07 08:53:47 [notice] 1#1: start worker process 22
2023/03/07 08:53:47 [notice] 1#1: start worker process 23
2023/03/07 08:57:18 [notice] 1#1: signal 3 (SIGQUIT) received, shutting down
2023/03/07 08:57:18 [notice] 20#20: gracefully shutting down
2023/03/07 08:57:18 [notice] 22#22: gracefully shutting down
2023/03/07 08:57:18 [notice] 21#21: gracefully shutting down
2023/03/07 08:57:18 [notice] 23#23: gracefully shutting down
2023/03/07 08:57:18 [notice] 23#23: exiting
2023/03/07 08:57:18 [notice] 20#20: exiting
2023/03/07 08:57:18 [notice] 22#22: exiting
2023/03/07 08:57:18 [notice] 21#21: exiting
2023/03/07 08:57:18 [notice] 23#23: exit
2023/03/07 08:57:18 [notice] 20#20: exit
2023/03/07 08:57:18 [notice] 22#22: exit
2023/03/07 08:57:18 [notice] 21#21: exit
2023/03/07 08:57:18 [notice] 1#1: signal 17 (SIGCHLD) received from 23
2023/03/07 08:57:18 [notice] 1#1: worker process 23 exited with code 0
2023/03/07 08:57:18 [notice] 1#1: signal 29 (SIGIO) received
2023/03/07 08:57:18 [notice] 1#1: signal 17 (SIGCHLD) received from 21
2023/03/07 08:57:18 [notice] 1#1: worker process 20 exited with code 0
2023/03/07 08:57:18 [notice] 1#1: worker process 21 exited with code 0
2023/03/07 08:57:18 [notice] 1#1: signal 29 (SIGIO) received
2023/03/07 08:57:18 [notice] 1#1: signal 17 (SIGCHLD) received from 22
2023/03/07 08:57:18 [notice] 1#1: worker process 22 exited with code 0
2023/03/07 08:57:18 [notice] 1#1: exit
2023/03/07 09:03:32 [notice] 1#1: using the "epoll" event method
2023/03/07 09:03:32 [notice] 1#1: nginx/1.23.3
2023/03/07 09:03:32 [notice] 1#1: built by gcc 12.2.1 20220924 (Alpine 12.2.1_git20220924-r4) 
2023/03/07 09:03:32 [notice] 1#1: OS: Linux 5.15.49-linuxkit
2023/03/07 09:03:32 [notice] 1#1: getrlimit(RLIMIT_NOFILE): 1048576:1048576
2023/03/07 09:03:32 [notice] 1#1: start worker processes
2023/03/07 09:03:32 [notice] 1#1: start worker process 20
2023/03/07 09:03:32 [notice] 1#1: start worker process 21
2023/03/07 09:03:32 [notice] 1#1: start worker process 22
2023/03/07 09:03:32 [notice] 1#1: start worker process 23
2023/03/07 09:04:59 [notice] 1#1: signal 3 (SIGQUIT) received, shutting down
2023/03/07 09:04:59 [notice] 20#20: gracefully shutting down
2023/03/07 09:04:59 [notice] 20#20: exiting
2023/03/07 09:04:59 [notice] 21#21: gracefully shutting down
2023/03/07 09:04:59 [notice] 21#21: exiting
2023/03/07 09:04:59 [notice] 22#22: gracefully shutting down
2023/03/07 09:04:59 [notice] 22#22: exiting
2023/03/07 09:04:59 [notice] 23#23: gracefully shutting down
2023/03/07 09:04:59 [notice] 20#20: exit
2023/03/07 09:04:59 [notice] 21#21: exit
2023/03/07 09:04:59 [notice] 22#22: exit
2023/03/07 09:04:59 [notice] 23#23: exiting
2023/03/07 09:04:59 [notice] 23#23: exit
2023/03/07 09:04:59 [notice] 1#1: signal 17 (SIGCHLD) received from 21
2023/03/07 09:04:59 [notice] 1#1: worker process 20 exited with code 0
2023/03/07 09:04:59 [notice] 1#1: worker process 21 exited with code 0
2023/03/07 09:04:59 [notice] 1#1: signal 29 (SIGIO) received
2023/03/07 09:04:59 [notice] 1#1: signal 17 (SIGCHLD) received from 23
2023/03/07 09:04:59 [notice] 1#1: worker process 23 exited with code 0
2023/03/07 09:04:59 [notice] 1#1: signal 29 (SIGIO) received
2023/03/07 09:04:59 [notice] 1#1: signal 17 (SIGCHLD) received from 22
2023/03/07 09:04:59 [notice] 1#1: worker process 22 exited with code 0
2023/03/07 09:04:59 [notice] 1#1: exit
2023/03/07 09:05:00 [notice] 1#1: using the "epoll" event method
2023/03/07 09:05:00 [notice] 1#1: nginx/1.23.3
2023/03/07 09:05:00 [notice] 1#1: built by gcc 12.2.1 20220924 (Alpine 12.2.1_git20220924-r4) 
2023/03/07 09:05:00 [notice] 1#1: OS: Linux 5.15.49-linuxkit
2023/03/07 09:05:00 [notice] 1#1: getrlimit(RLIMIT_NOFILE): 1048576:1048576
2023/03/07 09:05:00 [notice] 1#1: start worker processes
2023/03/07 09:05:00 [notice] 1#1: start worker process 30
2023/03/07 09:05:00 [notice] 1#1: start worker process 31
2023/03/07 09:05:00 [notice] 1#1: start worker process 32
2023/03/07 09:05:00 [notice] 1#1: start worker process 33
2023/03/07 09:06:11 [notice] 1#1: signal 3 (SIGQUIT) received, shutting down
2023/03/07 09:06:11 [notice] 30#30: gracefully shutting down
2023/03/07 09:06:11 [notice] 30#30: exiting
2023/03/07 09:06:11 [notice] 33#33: gracefully shutting down
2023/03/07 09:06:11 [notice] 32#32: gracefully shutting down
2023/03/07 09:06:11 [notice] 31#31: gracefully shutting down
2023/03/07 09:06:11 [notice] 30#30: exit
2023/03/07 09:06:11 [notice] 33#33: exiting
2023/03/07 09:06:11 [notice] 32#32: exiting
2023/03/07 09:06:11 [notice] 32#32: exit
2023/03/07 09:06:11 [notice] 31#31: exiting
2023/03/07 09:06:11 [notice] 31#31: exit
2023/03/07 09:06:11 [notice] 33#33: exit
2023/03/07 09:06:11 [notice] 1#1: signal 17 (SIGCHLD) received from 32
2023/03/07 09:06:11 [notice] 1#1: worker process 30 exited with code 0
2023/03/07 09:06:11 [notice] 1#1: worker process 32 exited with code 0
2023/03/07 09:06:11 [notice] 1#1: signal 29 (SIGIO) received
2023/03/07 09:06:11 [notice] 1#1: signal 17 (SIGCHLD) received from 31
2023/03/07 09:06:11 [notice] 1#1: worker process 31 exited with code 0
2023/03/07 09:06:11 [notice] 1#1: worker process 33 exited with code 0
2023/03/07 09:06:11 [notice] 1#1: exit
2023/03/07 09:18:06 [emerg] 13#13: host not found in upstream "php-fpm:9000" in /etc/nginx/conf.d/upstream.conf:1
2023/03/07 09:19:58 [emerg] 9#9: host not found in upstream "php-fpm:9000" in /etc/nginx/conf.d/upstream.conf:1
2023/03/07 09:20:55 [emerg] 9#9: no port in upstream "php-upstream" in /etc/nginx/sites-available/default.conf:21
2023/03/07 09:21:00 [emerg] 9#9: no port in upstream "php-upstream" in /etc/nginx/sites-available/default.conf:21
2023/03/07 09:21:13 [emerg] 9#9: no port in upstream "php-upstream" in /etc/nginx/sites-available/default.conf:21
2023/03/07 09:24:38 [warn] 9#9: conflicting server name "localhost" on 0.0.0.0:80, ignored
2023/03/07 09:24:38 [emerg] 9#9: bind() to [::80]:80 failed (99: Address not available)
2023/03/07 09:24:41 [warn] 9#9: conflicting server name "localhost" on 0.0.0.0:80, ignored
2023/03/07 09:24:41 [emerg] 9#9: bind() to [::80]:80 failed (99: Address not available)
2023/03/07 09:27:04 [warn] 9#9: conflicting server name "localhost" on 0.0.0.0:80, ignored
2023/03/07 09:27:04 [emerg] 9#9: bind() to [::80]:80 failed (99: Address not available)
2023/03/07 09:27:13 [warn] 9#9: conflicting server name "localhost" on 0.0.0.0:80, ignored
2023/03/07 09:27:13 [emerg] 9#9: bind() to [::80]:80 failed (99: Address not available)
2023/03/07 09:30:22 [emerg] 7#7: getpwnam("www-data") failed in /etc/nginx/nginx.conf:1
2023/03/07 09:31:48 [emerg] 7#7: getpwnam("www-data") failed in /etc/nginx/nginx.conf:1
2023/03/07 09:32:29 [emerg] 7#7: bind() to [::80]:80 failed (99: Address not available)
2023/03/07 09:32:44 [emerg] 7#7: bind() to [::80]:80 failed (99: Address not available)
